<?xml version="1.0" encoding="UTF-8" standalone="yes"?>
<testsuites name="Country List Test Suite" time="15" tests="1" failures="0" errors="0">
    <testsuite name="Country List Test Suite" tests="1" failures="0" errors="0" time="15" timestamp="2019-10-16 22:21:27" hostname="BaPpY - 192.168.0.108" id="Test Suites/SOAP API Test Suites/Country List Test Suite">
        <properties>
            <property name="deviceName" value=""/>
            <property name="devicePlatform" value=""/>
            <property name="logFolder" value="G:\\Katalon Studio\\Katalon Workspace\\SOAP API Web Service Example\\Reports\\20191016_222121\\SOAP API Test Suites\\Country List Test Suite\\20191016_222123"/>
            <property name="logFiles" value="G:\\Katalon Studio\\Katalon Workspace\\SOAP API Web Service Example\\Reports\\20191016_222121\\SOAP API Test Suites\\Country List Test Suite\\20191016_222123\\execution0.log"/>
            <property name="attachments" value=""/>
            <property name="hostName" value="BaPpY - 192.168.0.108"/>
            <property name="hostAddress" value="192.168.0.108"/>
            <property name="os" value="Windows 10 64bit"/>
            <property name="katalonVersion" value="6.3.3.11"/>
        </properties>
        <testcase name="Test Cases/Countries List Test Case" classname="Test Cases/Countries List Test Case" status="PASSED">
            <system-out>2019-10-16 22:21:28 - [TEST_CASE][PASSED] - Test Cases/Countries List Test Case: Test Cases/Countries List Test Case&#xD;
&#xD;
2019-10-16 22:21:28 - [TEST_STEP][PASSED] - sendRequest(findTestObject("Country Info SOAP Service/Countries List SOAP Request")): Send request successfully&#xD;
&#xD;
2019-10-16 22:21:37 - [MESSAGE][INFO] - HAR: G:\Katalon Studio\Katalon Workspace\SOAP API Web Service Example\Reports\20191016_222121\SOAP API Test Suites\Country List Test Suite\20191016_222123\requests\main\0.har&#xD;
&#xD;
2019-10-16 22:21:37 - [MESSAGE][PASSED] - Send request successfully&#xD;
&#xD;
2019-10-16 22:21:37 - [TEST_STEP][PASSED] - sendRequestAndVerify(findTestObject("Country Info SOAP Service/Countries List SOAP Request")): Send request and verify the response successfully&#xD;
&#xD;
2019-10-16 22:21:41 - [MESSAGE][INFO] - HAR: G:\Katalon Studio\Katalon Workspace\SOAP API Web Service Example\Reports\20191016_222121\SOAP API Test Suites\Country List Test Suite\20191016_222123\requests\main\1.har&#xD;
&#xD;
2019-10-16 22:21:41 - [TEST_CASE][PASSED] - Start Test Case : Verification: Verification accomplished successfully&#xD;
&#xD;
2019-10-16 22:21:42 - [TEST_STEP][PASSED] - request = getInstance().getCurrentRequest(): null&#xD;
&#xD;
2019-10-16 22:21:42 - [TEST_STEP][PASSED] - response = getInstance().getCurrentResponse(): null&#xD;
&#xD;
2019-10-16 22:21:42 - [TEST_STEP][PASSED] - verifyResponseStatusCode(response, 200): Verify response status code successfully&#xD;
&#xD;
2019-10-16 22:21:42 - [MESSAGE][PASSED] - Verify response status code successfully&#xD;
&#xD;
2019-10-16 22:21:42 - [TEST_STEP][PASSED] - getStatusCode()).isEqualTo(200): null&#xD;
&#xD;
2019-10-16 22:21:42 - [TEST_STEP][PASSED] - verifyElementText(response, "ListOfCountryNamesByNameResponse.ListOfCountryNamesByNameResult.tCountryCodeAndName[0].sISOCode", "AX"): Verify element text successfully&#xD;
&#xD;
2019-10-16 22:21:42 - [MESSAGE][PASSED] - Verify element text successfully&#xD;
&#xD;
2019-10-16 22:21:42 - [MESSAGE][PASSED] - Verify response successfully&#xD;
&#xD;
2019-10-16 22:21:42 - [MESSAGE][PASSED] - Send request and verify the response successfully</system-out>
            <system-err></system-err>
        </testcase>
        <system-out>2019-10-16 22:21:27 - [TEST_SUITE][INCOMPLETE] - Country List Test Suite: null</system-out>
        <system-err>2019-10-16 22:21:27 - [TEST_SUITE][INCOMPLETE] - Country List Test Suite: null</system-err>
    </testsuite>
</testsuites>
